2020-01-10 13:14:39,798 [INFO] Activator:176 - 


2020-01-10 13:14:39,804 [INFO] Activator:177 - !SESSION log4j initialized
2020-01-10 13:14:41,279 [ERROR] LogOutputStream:74 - [STDERR_REDIRECT] 
2020-01-10 13:15:23,024 [INFO] LogOutputStream:76 - [STDOUT_REDIRECT] ***WARNING: Display must be created on main thread due to Cocoa restrictions. Use vmarg -XstartOnFirstThread
2020-01-10 13:15:23,025 [INFO] LogOutputStream:76 - [STDOUT_REDIRECT] ***WARNING: Display must be created on main thread due to Cocoa restrictions. Use vmarg -XstartOnFirstThread
2020-01-10 13:15:38,189 [INFO] Activator:176 - 


2020-01-10 13:15:38,192 [INFO] Activator:177 - !SESSION log4j initialized
2020-01-10 13:15:40,270 [ERROR] LogOutputStream:74 - [STDERR_REDIRECT] 
2020-01-10 13:16:00,766 [INFO] LogOutputStream:76 - [STDOUT_REDIRECT] ***WARNING: Display must be created on main thread due to Cocoa restrictions. Use vmarg -XstartOnFirstThread
2020-01-10 13:16:00,767 [INFO] LogOutputStream:76 - [STDOUT_REDIRECT] ***WARNING: Display must be created on main thread due to Cocoa restrictions. Use vmarg -XstartOnFirstThread
2020-01-10 13:21:53,817 [INFO] Activator:176 - 


2020-01-10 13:21:53,820 [INFO] Activator:177 - !SESSION log4j initialized
2020-01-10 13:21:56,128 [ERROR] LogOutputStream:74 - [STDERR_REDIRECT] 
2020-01-10 13:22:14,771 [INFO] ApplicationProperties:181 - Using Application install path: /Applications/STM32CubeIDE.app/Contents/Eclipse/plugins/com.st.stm32cube.common.mx_5.5.0.201912201511
2020-01-10 13:22:14,783 [INFO] DbMcusXml:69 - Set database path to: /Applications/STM32CubeIDE.app/Contents/Eclipse/plugins/com.st.stm32cube.common.mx_5.5.0.201912201511//db//mcu/
2020-01-10 13:22:14,787 [INFO] DbBoardsPdsc:54 - Set plugin database path to: /Applications/STM32CubeIDE.app/Contents/Eclipse/plugins/com.st.stm32cube.common.mx_5.5.0.201912201511//db//plugins/boardmanager/
2020-01-10 13:22:14,787 [INFO] DbMcus:264 - Set plugin images path to: /Applications/STM32CubeIDE.app/Contents/Eclipse/plugins/com.st.stm32cube.common.mx_5.5.0.201912201511//db//plugins/mcufinder/images/
2020-01-10 13:22:14,787 [INFO] DbBoards:232 - Set plugin images path to: /Applications/STM32CubeIDE.app/Contents/Eclipse/plugins/com.st.stm32cube.common.mx_5.5.0.201912201511//db//plugins/mcufinder/images/
2020-01-10 13:22:14,789 [INFO] APIGFXSelector:72 - Set database path to: /Applications/STM32CubeIDE.app/Contents/Eclipse/plugins/com.st.stm32cube.common.mx_5.5.0.201912201511//db//plugins/mcufinder/mcu/
2020-01-10 13:22:14,878 [INFO] DbMcusAds:72 - Set database path to: /Users/elkingarcia/.stmcufinder/plugins/mcufinder//mcu/
2020-01-10 13:22:14,879 [INFO] DbMcusDocs:92 - Set database path to: /Users/elkingarcia/.stmcufinder/plugins/mcufinder//mcu/
2020-01-10 13:22:14,881 [INFO] DbMcusJson:59 - Set database path to: /Users/elkingarcia/.stmcufinder/plugins/mcufinder//mcu/
2020-01-10 13:22:14,882 [INFO] DbBoardsDocs:84 - Set database path to: /Users/elkingarcia/.stmcufinder/plugins/mcufinder//mcu/
2020-01-10 13:22:14,883 [INFO] DbBoardsJson:51 - Set database path to: /Users/elkingarcia/.stmcufinder/plugins/mcufinder//mcu/
2020-01-10 13:22:14,948 [INFO] CrossReferenceDbSqlite:197 - Set database path to: /Users/elkingarcia/.stmcufinder/plugins/mcufinder//mcu/cs/
2020-01-10 13:22:15,050 [INFO] RulesReader:52 - Compatibility file has been processed (205 Rules)
2020-01-10 13:22:15,131 [INFO] MicroXplorer:570 - Detected Java Version = 1.8.0_202
2020-01-10 13:22:15,131 [INFO] DbMcusXml:69 - Set database path to: /Applications/STM32CubeIDE.app/Contents/Eclipse/plugins/com.st.stm32cube.common.mx_5.5.0.201912201511//db//mcu/
2020-01-10 13:22:15,132 [INFO] DbBoardsPdsc:54 - Set plugin database path to: /Applications/STM32CubeIDE.app/Contents/Eclipse/plugins/com.st.stm32cube.common.mx_5.5.0.201912201511//db//plugins/boardmanager/
2020-01-10 13:22:15,133 [INFO] DbMcus:264 - Set plugin images path to: /Applications/STM32CubeIDE.app/Contents/Eclipse/plugins/com.st.stm32cube.common.mx_5.5.0.201912201511//db//plugins/mcufinder/images/
2020-01-10 13:22:15,133 [INFO] DbBoards:232 - Set plugin images path to: /Applications/STM32CubeIDE.app/Contents/Eclipse/plugins/com.st.stm32cube.common.mx_5.5.0.201912201511//db//plugins/mcufinder/images/
2020-01-10 13:22:15,133 [INFO] APIGFXSelector:72 - Set database path to: /Applications/STM32CubeIDE.app/Contents/Eclipse/plugins/com.st.stm32cube.common.mx_5.5.0.201912201511//db//plugins/mcufinder/mcu/
2020-01-10 13:22:15,134 [WARN] DbFile:31 - Overriding database path with different value: /Users/elkingarcia/.stmcufinder/plugins/mcufinder/ => /Users/elkingarcia/.stmcufinder/plugins/mcufinder
2020-01-10 13:22:15,134 [INFO] DbMcusAds:72 - Set database path to: /Users/elkingarcia/.stmcufinder/plugins/mcufinder//mcu/
2020-01-10 13:22:15,134 [WARN] DbFile:31 - Overriding database path with different value: /Users/elkingarcia/.stmcufinder/plugins/mcufinder/ => /Users/elkingarcia/.stmcufinder/plugins/mcufinder
2020-01-10 13:22:15,134 [INFO] DbMcusDocs:92 - Set database path to: /Users/elkingarcia/.stmcufinder/plugins/mcufinder//mcu/
2020-01-10 13:22:15,134 [WARN] DbFile:31 - Overriding database path with different value: /Users/elkingarcia/.stmcufinder/plugins/mcufinder/ => /Users/elkingarcia/.stmcufinder/plugins/mcufinder
2020-01-10 13:22:15,134 [INFO] DbMcusJson:59 - Set database path to: /Users/elkingarcia/.stmcufinder/plugins/mcufinder//mcu/
2020-01-10 13:22:15,135 [WARN] DbFile:31 - Overriding database path with different value: /Users/elkingarcia/.stmcufinder/plugins/mcufinder/ => /Users/elkingarcia/.stmcufinder/plugins/mcufinder
2020-01-10 13:22:15,135 [INFO] DbBoardsDocs:84 - Set database path to: /Users/elkingarcia/.stmcufinder/plugins/mcufinder//mcu/
2020-01-10 13:22:15,135 [WARN] DbFile:31 - Overriding database path with different value: /Users/elkingarcia/.stmcufinder/plugins/mcufinder/ => /Users/elkingarcia/.stmcufinder/plugins/mcufinder
2020-01-10 13:22:15,135 [INFO] DbBoardsJson:51 - Set database path to: /Users/elkingarcia/.stmcufinder/plugins/mcufinder//mcu/
2020-01-10 13:22:15,135 [WARN] DbFile:31 - Overriding database path with different value: /Users/elkingarcia/.stmcufinder/plugins/mcufinder/ => /Users/elkingarcia/.stmcufinder/plugins/mcufinder
2020-01-10 13:22:15,135 [WARN] DbFile:31 - Overriding database path with different value: /Users/elkingarcia/.stmcufinder/plugins/mcufinder/ => /Users/elkingarcia/.stmcufinder/plugins/mcufinder
2020-01-10 13:22:15,135 [INFO] CrossReferenceDbSqlite:197 - Set database path to: /Users/elkingarcia/.stmcufinder/plugins/mcufinder//mcu/cs/
2020-01-10 13:22:15,190 [INFO] MainPanel:180 - HeapMemory: 317718528
2020-01-10 13:22:15,247 [INFO] DbMcusXml:69 - Set database path to: /Applications/STM32CubeIDE.app/Contents/Eclipse/plugins/com.st.stm32cube.common.mx_5.5.0.201912201511//db//mcu/
2020-01-10 13:22:15,247 [INFO] DbBoardsPdsc:54 - Set plugin database path to: /Applications/STM32CubeIDE.app/Contents/Eclipse/plugins/com.st.stm32cube.common.mx_5.5.0.201912201511//db//plugins/boardmanager/
2020-01-10 13:22:15,248 [INFO] DbMcus:264 - Set plugin images path to: /Applications/STM32CubeIDE.app/Contents/Eclipse/plugins/com.st.stm32cube.common.mx_5.5.0.201912201511//db//plugins/mcufinder/images/
2020-01-10 13:22:15,248 [INFO] DbBoards:232 - Set plugin images path to: /Applications/STM32CubeIDE.app/Contents/Eclipse/plugins/com.st.stm32cube.common.mx_5.5.0.201912201511//db//plugins/mcufinder/images/
2020-01-10 13:22:15,248 [INFO] APIGFXSelector:72 - Set database path to: /Applications/STM32CubeIDE.app/Contents/Eclipse/plugins/com.st.stm32cube.common.mx_5.5.0.201912201511//db//plugins/mcufinder/mcu/
2020-01-10 13:22:15,248 [WARN] DbFile:31 - Overriding database path with different value: /Users/elkingarcia/.stmcufinder/plugins/mcufinder/ => /Users/elkingarcia/.stmcufinder/plugins/mcufinder
2020-01-10 13:22:15,249 [INFO] DbMcusAds:72 - Set database path to: /Users/elkingarcia/.stmcufinder/plugins/mcufinder//mcu/
2020-01-10 13:22:15,249 [WARN] DbFile:31 - Overriding database path with different value: /Users/elkingarcia/.stmcufinder/plugins/mcufinder/ => /Users/elkingarcia/.stmcufinder/plugins/mcufinder
2020-01-10 13:22:15,249 [INFO] DbMcusDocs:92 - Set database path to: /Users/elkingarcia/.stmcufinder/plugins/mcufinder//mcu/
2020-01-10 13:22:15,250 [WARN] DbFile:31 - Overriding database path with different value: /Users/elkingarcia/.stmcufinder/plugins/mcufinder/ => /Users/elkingarcia/.stmcufinder/plugins/mcufinder
2020-01-10 13:22:15,250 [INFO] DbMcusJson:59 - Set database path to: /Users/elkingarcia/.stmcufinder/plugins/mcufinder//mcu/
2020-01-10 13:22:15,250 [WARN] DbFile:31 - Overriding database path with different value: /Users/elkingarcia/.stmcufinder/plugins/mcufinder/ => /Users/elkingarcia/.stmcufinder/plugins/mcufinder
2020-01-10 13:22:15,250 [INFO] DbBoardsDocs:84 - Set database path to: /Users/elkingarcia/.stmcufinder/plugins/mcufinder//mcu/
2020-01-10 13:22:15,250 [WARN] DbFile:31 - Overriding database path with different value: /Users/elkingarcia/.stmcufinder/plugins/mcufinder/ => /Users/elkingarcia/.stmcufinder/plugins/mcufinder
2020-01-10 13:22:15,251 [INFO] DbBoardsJson:51 - Set database path to: /Users/elkingarcia/.stmcufinder/plugins/mcufinder//mcu/
2020-01-10 13:22:15,251 [WARN] DbFile:31 - Overriding database path with different value: /Users/elkingarcia/.stmcufinder/plugins/mcufinder/ => /Users/elkingarcia/.stmcufinder/plugins/mcufinder
2020-01-10 13:22:15,251 [WARN] DbFile:31 - Overriding database path with different value: /Users/elkingarcia/.stmcufinder/plugins/mcufinder/ => /Users/elkingarcia/.stmcufinder/plugins/mcufinder
2020-01-10 13:22:15,251 [INFO] CrossReferenceDbSqlite:197 - Set database path to: /Users/elkingarcia/.stmcufinder/plugins/mcufinder//mcu/cs/
2020-01-10 13:22:15,269 [INFO] ApplicationProperties:181 - Using Application install path: /Applications/STM32CubeIDE.app/Contents/Eclipse/plugins/com.st.stm32cube.common.mx_5.5.0.201912201511
2020-01-10 13:22:15,271 [INFO] PluginManage:178 - Search for loadable plugins [exclusion list=]
2020-01-10 13:22:15,272 [INFO] PluginManage:292 - Check plugin analytics
2020-01-10 13:22:15,278 [INFO] PluginManage:342 - Loaded plugin analytics (category:tool,tabindex:-1)
2020-01-10 13:22:15,278 [INFO] PluginManage:292 - Check plugin clock
2020-01-10 13:22:15,290 [INFO] PluginManage:342 - Loaded plugin clock (category:base,tabindex:2)
2020-01-10 13:22:15,290 [INFO] PluginManage:292 - Check plugin ddr
2020-01-10 13:22:15,293 [INFO] PluginManage:342 - Loaded plugin ddr (category:tool,tabindex:6)
2020-01-10 13:22:15,293 [INFO] PluginManage:292 - Check plugin filemanager
2020-01-10 13:22:15,421 [INFO] PluginManage:342 - Loaded plugin filemanager (category:base,tabindex:10)
2020-01-10 13:22:15,422 [INFO] PluginManage:292 - Check plugin ipmanager
2020-01-10 13:22:15,429 [INFO] PluginManage:342 - Loaded plugin ipmanager (category:base,tabindex:5)
2020-01-10 13:22:15,430 [INFO] PluginManage:292 - Check plugin pinoutandconfiguration
2020-01-10 13:22:15,440 [INFO] PluginManage:342 - Loaded plugin pinoutandconfiguration (category:base,tabindex:1)
2020-01-10 13:22:15,440 [INFO] PluginManage:292 - Check plugin pinoutconfig
2020-01-10 13:22:15,462 [INFO] PluginManage:342 - Loaded plugin pinoutconfig (category:base,tabindex:0)
2020-01-10 13:22:15,462 [INFO] PluginManage:292 - Check plugin power
2020-01-10 13:22:15,472 [INFO] PluginManage:342 - Loaded plugin power (category:power,tabindex:4)
2020-01-10 13:22:15,472 [INFO] PluginManage:292 - Check plugin projectmanager
2020-01-10 13:22:15,486 [INFO] PluginManage:342 - Loaded plugin projectmanager (category:projectmanager,tabindex:3)
2020-01-10 13:22:15,486 [INFO] PluginManage:292 - Check plugin thirdparty
2020-01-10 13:22:15,538 [INFO] ThirdPartyDb:295 - Open Third Party DataBase File (/Users/elkingarcia/.stm32cubemx/plugins/thirdparty/db/thirdparties_db.xml) : 22 ms. number of Sw pack : 10
2020-01-10 13:22:15,546 [INFO] PluginManage:342 - Loaded plugin thirdparty (category:base,tabindex:-1)
2020-01-10 13:22:15,546 [INFO] PluginManage:292 - Check plugin tools
2020-01-10 13:22:15,548 [INFO] PluginManage:342 - Loaded plugin tools (category:base,tabindex:7)
2020-01-10 13:22:15,548 [INFO] PluginManage:292 - Check plugin updater
2020-01-10 13:22:15,559 [INFO] PluginManage:342 - Loaded plugin updater (category:base,tabindex:12)
2020-01-10 13:22:15,561 [INFO] PluginManage:265 - PluginManage : Loaded plugins [12]
2020-01-10 13:22:17,230 [INFO] PinOutPanel:1399 - setPackage(No Configuration,No Configuration)
2020-01-10 13:22:17,299 [INFO] IPUIPlugin:65 - create IPUIPlugin
2020-01-10 13:22:17,299 [INFO] PluginManager:200 - loadIPPluginJar : add mdma
2020-01-10 13:22:17,307 [INFO] IPUIPlugin:65 - create IPUIPlugin
2020-01-10 13:22:17,308 [INFO] PluginManager:200 - loadIPPluginJar : add freertos
2020-01-10 13:22:17,313 [INFO] IPUIPlugin:65 - create IPUIPlugin
2020-01-10 13:22:17,314 [INFO] PluginManager:200 - loadIPPluginJar : add gic
2020-01-10 13:22:17,317 [INFO] IPUIPlugin:65 - create IPUIPlugin
2020-01-10 13:22:17,317 [INFO] PluginManager:200 - loadIPPluginJar : add gfxsimulator
2020-01-10 13:22:17,327 [INFO] IPUIPlugin:65 - create IPUIPlugin
2020-01-10 13:22:17,327 [INFO] PluginManager:200 - loadIPPluginJar : add adc
2020-01-10 13:22:17,330 [INFO] IPUIPlugin:65 - create IPUIPlugin
2020-01-10 13:22:17,330 [INFO] PluginManager:200 - loadIPPluginJar : add gtzc
2020-01-10 13:22:17,332 [INFO] IPUIPlugin:65 - create IPUIPlugin
2020-01-10 13:22:17,332 [INFO] PluginManager:200 - loadIPPluginJar : add quadspi
2020-01-10 13:22:17,334 [INFO] IPUIPlugin:65 - create IPUIPlugin
2020-01-10 13:22:17,335 [INFO] PluginManager:200 - loadIPPluginJar : add aes
2020-01-10 13:22:17,338 [INFO] IPUIPlugin:65 - create IPUIPlugin
2020-01-10 13:22:17,338 [INFO] PluginManager:200 - loadIPPluginJar : add pdm2pcm
2020-01-10 13:22:17,340 [INFO] IPUIPlugin:65 - create IPUIPlugin
2020-01-10 13:22:17,340 [INFO] PluginManager:200 - loadIPPluginJar : add hash
2020-01-10 13:22:17,342 [INFO] IPUIPlugin:65 - create IPUIPlugin
2020-01-10 13:22:17,342 [INFO] PluginManager:200 - loadIPPluginJar : add tim
2020-01-10 13:22:17,344 [INFO] IPUIPlugin:65 - create IPUIPlugin
2020-01-10 13:22:17,344 [INFO] PluginManager:200 - loadIPPluginJar : add tsc
2020-01-10 13:22:17,346 [INFO] IPUIPlugin:65 - create IPUIPlugin
2020-01-10 13:22:17,346 [INFO] PluginManager:200 - loadIPPluginJar : add ts
2020-01-10 13:22:17,349 [INFO] IPUIPlugin:65 - create IPUIPlugin
2020-01-10 13:22:17,349 [INFO] PluginManager:200 - loadIPPluginJar : add can
2020-01-10 13:22:17,351 [INFO] IPUIPlugin:65 - create IPUIPlugin
2020-01-10 13:22:17,352 [INFO] PluginManager:200 - loadIPPluginJar : add dfsdm
2020-01-10 13:22:17,354 [INFO] IPUIPlugin:65 - create IPUIPlugin
2020-01-10 13:22:17,355 [INFO] PluginManager:200 - loadIPPluginJar : add spi
2020-01-10 13:22:17,357 [INFO] IPUIPlugin:65 - create IPUIPlugin
2020-01-10 13:22:17,357 [INFO] PluginManager:200 - loadIPPluginJar : add gfxmmu
2020-01-10 13:22:17,359 [INFO] IPUIPlugin:65 - create IPUIPlugin
2020-01-10 13:22:17,359 [INFO] PluginManager:200 - loadIPPluginJar : add genericplugin
2020-01-10 13:22:17,362 [INFO] IPUIPlugin:65 - create IPUIPlugin
2020-01-10 13:22:17,362 [INFO] PluginManager:200 - loadIPPluginJar : add cryp
2020-01-10 13:22:17,367 [INFO] IPUIPlugin:65 - create IPUIPlugin
2020-01-10 13:22:17,368 [INFO] PluginManager:200 - loadIPPluginJar : add gpio
2020-01-10 13:22:17,369 [INFO] IPUIPlugin:65 - create IPUIPlugin
2020-01-10 13:22:17,370 [INFO] PluginManager:200 - loadIPPluginJar : add comp
2020-01-10 13:22:17,372 [INFO] IPUIPlugin:65 - create IPUIPlugin
2020-01-10 13:22:17,372 [INFO] PluginManager:200 - loadIPPluginJar : add tracer_emb
2020-01-10 13:22:17,375 [INFO] IPUIPlugin:65 - create IPUIPlugin
2020-01-10 13:22:17,375 [INFO] PluginManager:200 - loadIPPluginJar : add stm32_wpan
2020-01-10 13:22:17,383 [INFO] IPUIPlugin:65 - create IPUIPlugin
2020-01-10 13:22:17,387 [INFO] PluginManager:200 - loadIPPluginJar : add plateformsettings
2020-01-10 13:22:17,391 [INFO] IPUIPlugin:65 - create IPUIPlugin
2020-01-10 13:22:17,391 [INFO] PluginManager:200 - loadIPPluginJar : add ipddr
2020-01-10 13:22:17,394 [INFO] IPUIPlugin:65 - create IPUIPlugin
2020-01-10 13:22:17,394 [INFO] PluginManager:200 - loadIPPluginJar : add usart
2020-01-10 13:22:17,396 [INFO] IPUIPlugin:65 - create IPUIPlugin
2020-01-10 13:22:17,396 [INFO] PluginManager:200 - loadIPPluginJar : add ltdc
2020-01-10 13:22:17,401 [INFO] IPUIPlugin:65 - create IPUIPlugin
2020-01-10 13:22:17,401 [INFO] PluginManager:200 - loadIPPluginJar : add nvic
2020-01-10 13:22:17,403 [INFO] IPUIPlugin:65 - create IPUIPlugin
2020-01-10 13:22:17,403 [INFO] PluginManager:200 - loadIPPluginJar : add fatfs
2020-01-10 13:22:17,409 [INFO] IPUIPlugin:65 - create IPUIPlugin
2020-01-10 13:22:17,410 [INFO] PluginManager:200 - loadIPPluginJar : add dma
2020-01-10 13:22:17,414 [INFO] IPUIPlugin:65 - create IPUIPlugin
2020-01-10 13:22:17,415 [INFO] PluginManager:200 - loadIPPluginJar : add fmc
2020-01-10 13:22:17,418 [INFO] IPUIPlugin:65 - create IPUIPlugin
2020-01-10 13:22:17,418 [INFO] PluginManager:200 - loadIPPluginJar : add i2s
2020-01-10 13:22:17,420 [INFO] IPUIPlugin:65 - create IPUIPlugin
2020-01-10 13:22:17,421 [INFO] PluginManager:200 - loadIPPluginJar : add ucpd
2020-01-10 13:22:17,423 [INFO] IPUIPlugin:65 - create IPUIPlugin
2020-01-10 13:22:17,423 [INFO] PluginManager:200 - loadIPPluginJar : add opamp
2020-01-10 13:22:17,427 [INFO] IPUIPlugin:65 - create IPUIPlugin
2020-01-10 13:22:17,427 [INFO] PluginManager:200 - loadIPPluginJar : add touchsensing
2020-01-10 13:22:17,430 [INFO] IPUIPlugin:65 - create IPUIPlugin
2020-01-10 13:22:17,431 [INFO] PluginManager:200 - loadIPPluginJar : add i2c
2020-01-10 13:22:17,434 [INFO] IPUIPlugin:65 - create IPUIPlugin
2020-01-10 13:22:17,435 [INFO] PluginManager:200 - loadIPPluginJar : add resmgrutility
2020-01-10 13:22:17,438 [INFO] IPUIPlugin:65 - create IPUIPlugin
2020-01-10 13:22:17,438 [INFO] PluginManager:200 - loadIPPluginJar : add sai
2020-01-10 13:22:17,549 [INFO] BoardConnectionPanel:226 - [DDR PANEL] osNameString: NotDefined
2020-01-10 13:22:17,679 [INFO] BoardConnectionPanel:3472 - [DDR PANEL] STM32CubeIDE environment
2020-01-10 13:22:17,679 [INFO] MainDdrPanel:103 - [DDR PANEL] GETTER - cubeProgrammerPath is: null
2020-01-10 13:22:17,831 [FATAL] Updater:277 - Updater called before beeing initialized
2020-01-10 13:22:17,987 [FATAL] Updater:277 - Updater called before beeing initialized
2020-01-10 13:22:17,990 [INFO] PinOutPanel:1399 - setPackage(No Configuration,No Configuration)
2020-01-10 13:22:17,991 [FATAL] Updater:277 - Updater called before beeing initialized
2020-01-10 13:22:17,995 [INFO] BoardConnectionPanel:3472 - [DDR PANEL] STM32CubeIDE environment
2020-01-10 13:22:17,995 [INFO] MainDdrPanel:103 - [DDR PANEL] GETTER - cubeProgrammerPath is: /Applications/STM32CubeIDE.app/Contents/Eclipse/plugins/com.st.stm32cube.ide.mcu.externaltools.cubeprogrammer.macos64_1.1.0.201910081157/tools/bin
2020-01-10 13:22:18,002 [INFO] ProgrammerExecThread:148 - [ProgrammerAPI] CubeProgrammer command construction: /Applications/STM32CubeIDE.app/Contents/Eclipse/plugins/com.st.stm32cube.ide.mcu.externaltools.cubeprogrammer.macos64_1.1.0.201910081157/tools/bin/STM32_Programmer_CLI -l
2020-01-10 13:22:18,212 [INFO] MainDdrPanel:93 - [DDR PANEL] SETTER - Set cubeProgrammerPath to: /Applications/STM32CubeIDE.app/Contents/Eclipse/plugins/com.st.stm32cube.ide.mcu.externaltools.cubeprogrammer.macos64_1.1.0.201910081157/tools/bin
2020-01-10 13:22:18,221 [INFO] Updater:886 - Updater Version found : 5.5.0
2020-01-10 13:22:18,248 [INFO] ApplicationProperties:181 - Using Application install path: /Applications/STM32CubeIDE.app/Contents/Eclipse/plugins/com.st.stm32cube.common.mx_5.5.0.201912201511
2020-01-10 13:22:18,527 [INFO] MainUpdater:2230 - connection check result : 10
2020-01-10 13:22:18,528 [INFO] MainUpdater:236 - Updater Check For Update Now.
2020-01-10 13:22:18,528 [INFO] MicroXplorer:420 - Change Database Version : DB.5.0.50
2020-01-10 13:22:18,548 [WARN] MainUpdater:1073 - Updater busy. Cannot search thirdparties
2020-01-10 13:22:18,580 [INFO] CheckServerUpdateThread:92 - End of CheckServer Thread
2020-01-10 13:22:18,733 [INFO] MainUpdater:2230 - connection check result : 10
2020-01-10 13:22:18,734 [INFO] LogOutputStream:76 - [STDOUT_REDIRECT] Successfull proxy connection.
2020-01-10 13:22:20,517 [INFO] ServerAccessManage:348 - Download File mcusDocs.json
2020-01-10 13:22:20,565 [INFO] LoadUrlFilesThread:134 - End of LoadUrlFiles Thread
2020-01-10 13:22:21,552 [WARN] MainUpdater:1073 - Updater busy. Cannot search thirdparties
2020-01-10 13:22:24,553 [WARN] MainUpdater:1073 - Updater busy. Cannot search thirdparties
2020-01-10 13:22:27,554 [WARN] MainUpdater:1073 - Updater busy. Cannot search thirdparties
2020-01-10 13:22:29,117 [INFO] ServerAccessManage:348 - Download File mcusFeaturesAndDescription.json
2020-01-10 13:22:30,061 [INFO] LoadUrlFilesThread:134 - End of LoadUrlFiles Thread
2020-01-10 13:22:30,311 [INFO] ServerAccessManage:348 - Download File mcusAds.json
2020-01-10 13:22:30,325 [INFO] LoadUrlFilesThread:134 - End of LoadUrlFiles Thread
2020-01-10 13:22:30,559 [WARN] MainUpdater:1073 - Updater busy. Cannot search thirdparties
2020-01-10 13:22:32,143 [INFO] ServerAccessManage:348 - Download File boardsDocs.json
2020-01-10 13:22:32,304 [INFO] LoadUrlFilesThread:134 - End of LoadUrlFiles Thread
2020-01-10 13:22:32,803 [INFO] ServerAccessManage:348 - Download File boards.json
2020-01-10 13:22:33,128 [INFO] LoadUrlFilesThread:134 - End of LoadUrlFiles Thread
2020-01-10 13:22:33,461 [INFO] ServerAccessManage:348 - Download File crdb.zip
2020-01-10 13:22:33,564 [WARN] MainUpdater:1073 - Updater busy. Cannot search thirdparties
2020-01-10 13:22:33,888 [INFO] FileExtend:225 - Unzip File : crdb.zip
2020-01-10 13:22:33,890 [INFO] FileExtend:240 - Standard Zip Deflate
2020-01-10 13:22:33,919 [INFO] LoadUrlFilesThread:134 - End of LoadUrlFiles Thread
2020-01-10 13:22:33,944 [INFO] DbMcusDocs:126 - JSON generation date=Wed Dec 11 06:27:49 EST 2019 (1576063669)
2020-01-10 13:22:33,945 [INFO] DbMcusXml:107 - Load MCU database from /Applications/STM32CubeIDE.app/Contents/Eclipse/plugins/com.st.stm32cube.common.mx_5.5.0.201912201511//db//mcu/families.xml
2020-01-10 13:22:34,608 [INFO] DbMcusJson:87 - JSON generation date=Wed Dec 11 06:27:49 EST 2019 (1576063669)
2020-01-10 13:22:35,774 [INFO] DbMcus:192 - Found 1628 MCUs (1588 are supported by CubeMX, 1588 are visible in CubeMX)
2020-01-10 13:22:35,774 [INFO] ApiDb:147 - User favorites file not found: /Users/elkingarcia/.stm32cubemx/favorites.mcus.txt
2020-01-10 13:22:35,774 [INFO] DbMcus:203 - Set 0 / 0 favorites MCUs
2020-01-10 13:22:35,963 [INFO] DbMcusDocs:61 - Found 537 MCUs documents
2020-01-10 13:22:35,964 [INFO] ApiDb:186 - Save user favorites file /Users/elkingarcia/.stm32cubemx/favorites.mcus.txt: 0 item(s)
2020-01-10 13:22:35,965 [INFO] ApiDb:191 - User favorites MCUs=[]
2020-01-10 13:22:35,966 [INFO] DbMcusXml:107 - Load MCU database from /Applications/STM32CubeIDE.app/Contents/Eclipse/plugins/com.st.stm32cube.common.mx_5.5.0.201912201511//db//mcu/families.xml
2020-01-10 13:22:36,639 [INFO] ThirdPartyDb:261 - Close Third Party DataBase File (/Users/elkingarcia/.stm32cubemx/plugins/thirdparty/db/thirdparties_db.xml)
2020-01-10 13:22:36,681 [INFO] IntegrityCheckThread:98 - End integrity checks thread
2020-01-10 13:22:36,758 [INFO] DbMcusJson:87 - JSON generation date=Wed Dec 11 06:27:49 EST 2019 (1576063669)
2020-01-10 13:22:37,695 [INFO] DbMcus:192 - Found 1628 MCUs (1588 are supported by CubeMX, 1588 are visible in CubeMX)
2020-01-10 13:22:37,695 [INFO] ApiDb:158 - Load user favorites file /Users/elkingarcia/.stm32cubemx/favorites.mcus.txt: 0 item(s)
2020-01-10 13:22:37,695 [INFO] ApiDb:163 - User favorites MCUs=[]
2020-01-10 13:22:37,695 [INFO] DbMcus:203 - Set 0 / 0 favorites MCUs
2020-01-10 13:22:37,704 [INFO] DbBoardsDocs:118 - JSON generation date=Wed Dec 11 06:27:49 EST 2019 (1576063669)
2020-01-10 13:22:37,716 [INFO] DbBoardsPdsc:92 - Found 4 items
2020-01-10 13:22:37,718 [INFO] DbBoardsPdsc:92 - Found 9 items
2020-01-10 13:22:37,719 [INFO] DbBoardsPdsc:92 - Found 2 items
2020-01-10 13:22:37,725 [INFO] DbBoardsPdsc:92 - Found 40 items
2020-01-10 13:22:37,728 [INFO] DbBoardsPdsc:92 - Found 27 items
2020-01-10 13:22:37,729 [INFO] DbBoardsPdsc:92 - Found 1 items
2020-01-10 13:22:37,736 [INFO] DbBoardsPdsc:92 - Found 39 items
2020-01-10 13:22:37,740 [INFO] DbBoardsPdsc:92 - Found 21 items
2020-01-10 13:22:37,742 [WARN] DbBoardsPdsc:256 - Board STEVAL-IDP005V1: unknown feature type=PWRSock, name=Power Socket, username=IO-Link 4-position M12 A-coded connector, n=1
2020-01-10 13:22:37,743 [WARN] DbBoardsPdsc:256 - Board STEVAL-IDP005V2: unknown feature type=PWRSock, name=Power Socket, username=IO-Link 4-position M12 A-coded connector, n=1
2020-01-10 13:22:37,745 [WARN] DbBoardsPdsc:256 - Board STM32H7B3I-DK: unknown feature type=Audio, name=, username=Audio stereo codec with Headphone Amp (CS42L51-CNZ), n=1
2020-01-10 13:22:37,745 [WARN] DbBoardsPdsc:256 - Board STM32H7B3I-DK: unknown feature type=WIFI, name=, username=WIFI 802.11 b/g/n, n=1
2020-01-10 13:22:37,748 [WARN] DbBoardsPdsc:256 - Board STM32H7B3I-EVAL: unknown feature type=Audio, name=, username=Multi-Channel Audio Codec (CS42L51-CNZ), n=1
2020-01-10 13:22:37,748 [WARN] DbBoardsPdsc:256 - Board STM32H7B3I-EVAL: unknown feature type=Meter, name=, username=Power-metering and Temperature-monitoring with sigma-delta modulators, n=1
2020-01-10 13:22:37,748 [WARN] DbBoardsPdsc:256 - Board STM32H7B3I-EVAL: unknown feature type=WIFI, name=, username=WIFI 802.11 a/b/g/n, n=1
2020-01-10 13:22:37,748 [WARN] DbBoardsPdsc:256 - Board STM32H7B3I-EVAL: unknown feature type=Motor, name=, username=Motor Control, n=1
2020-01-10 13:22:37,758 [INFO] DbBoardsJson:79 - JSON generation date=Fri Dec 13 04:50:48 EST 2019 (1576230648)
2020-01-10 13:22:37,764 [INFO] DbBoards:120 - Found 143 boards (140 are supported by CubeMX)
2020-01-10 13:22:37,770 [INFO] DbBoardsDocs:118 - JSON generation date=Wed Dec 11 06:27:49 EST 2019 (1576063669)
2020-01-10 13:22:37,779 [INFO] DbBoardsDocs:57 - Found 160 boards documents
2020-01-10 13:22:37,779 [WARN] DbBoards:130 - board STEVAL-MKSBOX1V1 has no document id list !
2020-01-10 13:22:37,779 [WARN] DbBoards:130 - board STEVAL-STWINKT1 has no document id list !
2020-01-10 13:22:37,779 [WARN] DbBoards:130 - board STEVAL-IDP005V1 has no document id list !
2020-01-10 13:22:37,779 [WARN] DbBoards:130 - board STEVAL-IDP005V2 has no document id list !
2020-01-10 13:22:37,780 [WARN] DbBoards:130 - board STEVAL-BFA001V1B has no document id list !
2020-01-10 13:22:37,780 [WARN] DbBoards:130 - board STEVAL-BFA001V2B has no document id list !
2020-01-10 13:22:37,780 [WARN] DbBoards:130 - board STM32F401C-DISCO has no document id list !
2020-01-10 13:22:37,781 [WARN] DbBoards:130 - board STM32F769I-DISC1 has no document id list !
2020-01-10 13:22:37,781 [WARN] DbBoards:130 - board STM32L-DISCOVERY has no document id list !
2020-01-10 13:22:37,782 [WARN] DbBoards:130 - board STM32H747I-DISC1 has no document id list !
2020-01-10 13:22:37,783 [WARN] DbBoards:130 - board STM32H7B3I-DK has no document id list !
2020-01-10 13:22:37,783 [WARN] DbBoards:130 - board STM32MP157A-DK1 has no document id list !
2020-01-10 13:22:37,783 [WARN] DbBoards:130 - board STM32L562E-DK has no document id list !
2020-01-10 13:22:37,783 [WARN] DbBoards:130 - board STM32L4P5G-DK has no document id list !
2020-01-10 13:22:37,784 [WARN] DbBoards:130 - board P-NUCLEO-WB55-Nucleo has no document id list !
2020-01-10 13:22:37,784 [WARN] DbBoards:130 - board P-NUCLEO-WB55-USBDongle has no document id list !
2020-01-10 13:22:37,784 [WARN] DbBoards:130 - board P-NUCLEO-WB55 has no document id list !
2020-01-10 13:22:37,785 [WARN] DbBoards:130 - board STM32100E-EVAL has no document id list !
2020-01-10 13:22:37,785 [WARN] DbBoards:130 - board STM32303C-EVAL has no document id list !
2020-01-10 13:22:37,785 [WARN] DbBoards:130 - board STM32L152D-EVAL has no document id list !
2020-01-10 13:22:37,785 [WARN] DbBoards:130 - board STM32H743I-EVAL2 has no document id list !
2020-01-10 13:22:37,786 [WARN] DbBoards:130 - board STM32H7B3I-EVAL has no document id list !
2020-01-10 13:22:37,786 [WARN] DbBoards:130 - board STM32H753I-EVAL2 has no document id list !
2020-01-10 13:22:37,786 [WARN] DbBoards:130 - board STM32G474E-EVAL1 has no document id list !
2020-01-10 13:22:37,786 [WARN] DbBoards:130 - board STM32L552E-EV has no document id list !
2020-01-10 13:22:37,787 [WARN] DbBoards:130 - board NUCLEO-H743ZI2 has no document id list !
2020-01-10 13:22:37,787 [WARN] DbBoards:130 - board NUCLEO-H7A3ZI-Q has no document id list !
2020-01-10 13:22:37,788 [WARN] DbBoards:130 - board NUCLEO-L4P5ZG has no document id list !
2020-01-10 13:22:38,943 [INFO] ApiDb:147 - User favorites file not found: /Users/elkingarcia/.stm32cubemx/favorites.boards.txt
2020-01-10 13:22:38,943 [INFO] DbBoards:209 - Set 0 / 0 favorites Boards
2020-01-10 13:22:38,950 [INFO] DbBoardsDocs:57 - Found 320 boards documents
2020-01-10 13:22:38,952 [INFO] ApiDb:186 - Save user favorites file /Users/elkingarcia/.stm32cubemx/favorites.boards.txt: 0 item(s)
2020-01-10 13:22:38,952 [INFO] ApiDb:191 - User favorites Boards=[]
2020-01-10 13:22:38,955 [INFO] DbBoardsPdsc:92 - Found 4 items
2020-01-10 13:22:38,958 [INFO] DbBoardsPdsc:92 - Found 9 items
2020-01-10 13:22:38,959 [INFO] DbBoardsPdsc:92 - Found 2 items
2020-01-10 13:22:38,963 [INFO] DbBoardsPdsc:92 - Found 40 items
2020-01-10 13:22:38,968 [INFO] DbBoardsPdsc:92 - Found 27 items
2020-01-10 13:22:38,969 [INFO] DbBoardsPdsc:92 - Found 1 items
2020-01-10 13:22:38,973 [INFO] DbBoardsPdsc:92 - Found 39 items
2020-01-10 13:22:38,975 [INFO] DbBoardsPdsc:92 - Found 21 items
2020-01-10 13:22:38,975 [WARN] DbBoardsPdsc:256 - Board STEVAL-IDP005V1: unknown feature type=PWRSock, name=Power Socket, username=IO-Link 4-position M12 A-coded connector, n=1
2020-01-10 13:22:38,976 [WARN] DbBoardsPdsc:256 - Board STEVAL-IDP005V2: unknown feature type=PWRSock, name=Power Socket, username=IO-Link 4-position M12 A-coded connector, n=1
2020-01-10 13:22:38,977 [WARN] DbBoardsPdsc:256 - Board STM32H7B3I-DK: unknown feature type=Audio, name=, username=Audio stereo codec with Headphone Amp (CS42L51-CNZ), n=1
2020-01-10 13:22:38,977 [WARN] DbBoardsPdsc:256 - Board STM32H7B3I-DK: unknown feature type=WIFI, name=, username=WIFI 802.11 b/g/n, n=1
2020-01-10 13:22:38,979 [WARN] DbBoardsPdsc:256 - Board STM32H7B3I-EVAL: unknown feature type=Audio, name=, username=Multi-Channel Audio Codec (CS42L51-CNZ), n=1
2020-01-10 13:22:38,979 [WARN] DbBoardsPdsc:256 - Board STM32H7B3I-EVAL: unknown feature type=Meter, name=, username=Power-metering and Temperature-monitoring with sigma-delta modulators, n=1
2020-01-10 13:22:38,979 [WARN] DbBoardsPdsc:256 - Board STM32H7B3I-EVAL: unknown feature type=WIFI, name=, username=WIFI 802.11 a/b/g/n, n=1
2020-01-10 13:22:38,980 [WARN] DbBoardsPdsc:256 - Board STM32H7B3I-EVAL: unknown feature type=Motor, name=, username=Motor Control, n=1
2020-01-10 13:22:39,020 [INFO] DbBoardsJson:79 - JSON generation date=Fri Dec 13 04:50:48 EST 2019 (1576230648)
2020-01-10 13:22:39,028 [INFO] DbBoards:120 - Found 143 boards (140 are supported by CubeMX)
2020-01-10 13:22:39,028 [WARN] DbBoards:130 - board STEVAL-MKSBOX1V1 has no document id list !
2020-01-10 13:22:39,029 [WARN] DbBoards:130 - board STEVAL-STWINKT1 has no document id list !
2020-01-10 13:22:39,029 [WARN] DbBoards:130 - board STEVAL-IDP005V1 has no document id list !
2020-01-10 13:22:39,029 [WARN] DbBoards:130 - board STEVAL-IDP005V2 has no document id list !
2020-01-10 13:22:39,029 [WARN] DbBoards:130 - board STEVAL-BFA001V1B has no document id list !
2020-01-10 13:22:39,030 [WARN] DbBoards:130 - board STEVAL-BFA001V2B has no document id list !
2020-01-10 13:22:39,030 [WARN] DbBoards:130 - board STM32F401C-DISCO has no document id list !
2020-01-10 13:22:39,030 [WARN] DbBoards:130 - board STM32F769I-DISC1 has no document id list !
2020-01-10 13:22:39,031 [WARN] DbBoards:130 - board STM32L-DISCOVERY has no document id list !
2020-01-10 13:22:39,031 [WARN] DbBoards:130 - board STM32H747I-DISC1 has no document id list !
2020-01-10 13:22:39,032 [WARN] DbBoards:130 - board STM32H7B3I-DK has no document id list !
2020-01-10 13:22:39,032 [WARN] DbBoards:130 - board STM32MP157A-DK1 has no document id list !
2020-01-10 13:22:39,032 [WARN] DbBoards:130 - board STM32L562E-DK has no document id list !
2020-01-10 13:22:39,032 [WARN] DbBoards:130 - board STM32L4P5G-DK has no document id list !
2020-01-10 13:22:39,037 [WARN] DbBoards:130 - board P-NUCLEO-WB55-Nucleo has no document id list !
2020-01-10 13:22:39,041 [WARN] DbBoards:130 - board P-NUCLEO-WB55-USBDongle has no document id list !
2020-01-10 13:22:39,042 [WARN] DbBoards:130 - board P-NUCLEO-WB55 has no document id list !
2020-01-10 13:22:39,042 [WARN] DbBoards:130 - board STM32100E-EVAL has no document id list !
2020-01-10 13:22:39,042 [WARN] DbBoards:130 - board STM32303C-EVAL has no document id list !
2020-01-10 13:22:39,042 [WARN] DbBoards:130 - board STM32L152D-EVAL has no document id list !
2020-01-10 13:22:39,043 [WARN] DbBoards:130 - board STM32H743I-EVAL2 has no document id list !
2020-01-10 13:22:39,043 [WARN] DbBoards:130 - board STM32H7B3I-EVAL has no document id list !
2020-01-10 13:22:39,043 [WARN] DbBoards:130 - board STM32H753I-EVAL2 has no document id list !
2020-01-10 13:22:39,044 [WARN] DbBoards:130 - board STM32G474E-EVAL1 has no document id list !
2020-01-10 13:22:39,044 [WARN] DbBoards:130 - board STM32L552E-EV has no document id list !
2020-01-10 13:22:39,045 [WARN] DbBoards:130 - board NUCLEO-H743ZI2 has no document id list !
2020-01-10 13:22:39,045 [WARN] DbBoards:130 - board NUCLEO-H7A3ZI-Q has no document id list !
2020-01-10 13:22:39,045 [WARN] DbBoards:130 - board NUCLEO-L4P5ZG has no document id list !
2020-01-10 13:22:40,004 [INFO] ApiDb:158 - Load user favorites file /Users/elkingarcia/.stm32cubemx/favorites.boards.txt: 0 item(s)
2020-01-10 13:22:40,004 [INFO] ApiDb:163 - User favorites Boards=[]
2020-01-10 13:22:40,005 [INFO] DbBoards:209 - Set 0 / 0 favorites Boards
2020-01-10 13:22:40,174 [INFO] McuFinderGlobals:40 - Set McuFinder mode to 2 (CubeIDE integrated)
2020-01-10 13:22:40,183 [INFO] FinderPluginLoader:86 - Searching for filters in installed packs
2020-01-10 13:22:41,164 [INFO] DbMcusAds:130 - JSON generation date=Wed Feb 20 11:46:15 EST 2019 (1550681175)
2020-01-10 13:22:41,222 [INFO] ServerAccessManage:348 - Download File 
2020-01-10 13:22:41,295 [INFO] LoadUrlFilesThread:161 - End of LoadServerUrlFiles without Thread
2020-01-10 13:22:41,307 [INFO] McuDetailPanel:181 - Set advertising image to /Users/elkingarcia/STM32Cube/Repository//PRSTM32MP10219-01-med.jpg
2020-01-10 13:22:42,130 [INFO] McuFilterPanel:282 - Update 0 favorites MCUs
2020-01-10 13:22:42,498 [INFO] LoadUrlFilesThread:161 - End of LoadServerUrlFiles without Thread
2020-01-10 13:22:42,498 [INFO] BoardDetailPanel:179 - Set advertising image to /Users/elkingarcia/STM32Cube/Repository//PRSTM32MP10219-01-med.jpg
2020-01-10 13:22:42,538 [INFO] BoardFilterPanel:211 - Update 0 favorites Boards
2020-01-10 13:22:42,652 [INFO] CrossSelectorPresenter:1319 - Cross Selector saved comparison directory: /Users/elkingarcia/.stmcufinder/plugins/mcufinder/mcu/cs_comparisons_mx
2020-01-10 13:43:34,073 [INFO] McuPeriphSelectorTable:90 - getCtxTitle()USB OTG_FS
2020-01-10 14:07:46,118 [INFO] LogOutputStream:76 - [STDOUT_REDIRECT] ***WARNING: Display must be created on main thread due to Cocoa restrictions. Use vmarg -XstartOnFirstThread
2020-01-10 14:07:46,120 [INFO] LogOutputStream:76 - [STDOUT_REDIRECT] ***WARNING: Display must be created on main thread due to Cocoa restrictions. Use vmarg -XstartOnFirstThread
